<?xml version="1.0" encoding="UTF-8"?>
<coverage generated="1543167532224" clover="3.2.0">
  <project timestamp="1543167532224" name="All files">
    <metrics statements="25" coveredstatements="25" conditionals="0" coveredconditionals="0" methods="15" coveredmethods="15" elements="40" coveredelements="40" complexity="0" loc="25" ncloc="25" packages="1" files="8" classes="8">
      <file name="arrays.js" path="/Users/dev/Desktop/jestproject/arrays.js">
        <metrics statements="4" coveredstatements="4" conditionals="0" coveredconditionals="0" methods="2" coveredmethods="2"/>
        <line num="1" count="1" type="stmt"/>
        <line num="2" count="1" type="stmt"/>
        <line num="4" count="3" type="stmt"/>
        <line num="5" count="1" type="stmt"/>
      </file>
      <file name="callbacks.js" path="/Users/dev/Desktop/jestproject/callbacks.js">
        <metrics statements="1" coveredstatements="1" conditionals="0" coveredconditionals="0" methods="1" coveredmethods="1"/>
        <line num="2" count="1" type="stmt"/>
      </file>
      <file name="math.js" path="/Users/dev/Desktop/jestproject/math.js">
        <metrics statements="8" coveredstatements="8" conditionals="0" coveredconditionals="0" methods="4" coveredmethods="4"/>
        <line num="1" count="1" type="stmt"/>
        <line num="2" count="1" type="stmt"/>
        <line num="5" count="1" type="stmt"/>
        <line num="6" count="1" type="stmt"/>
        <line num="9" count="1" type="stmt"/>
        <line num="10" count="1" type="stmt"/>
        <line num="13" count="1" type="stmt"/>
        <line num="14" count="1" type="stmt"/>
      </file>
      <file name="numbers.js" path="/Users/dev/Desktop/jestproject/numbers.js">
        <metrics statements="2" coveredstatements="2" conditionals="0" coveredconditionals="0" methods="1" coveredmethods="1"/>
        <line num="1" count="1" type="stmt"/>
        <line num="2" count="5" type="stmt"/>
      </file>
      <file name="promises.js" path="/Users/dev/Desktop/jestproject/promises.js">
        <metrics statements="3" coveredstatements="3" conditionals="0" coveredconditionals="0" methods="2" coveredmethods="2"/>
        <line num="3" count="2" type="stmt"/>
        <line num="4" count="4" type="stmt"/>
        <line num="5" count="3" type="stmt"/>
      </file>
      <file name="snapshot.js" path="/Users/dev/Desktop/jestproject/snapshot.js">
        <metrics statements="1" coveredstatements="1" conditionals="0" coveredconditionals="0" methods="1" coveredmethods="1"/>
        <line num="1" count="1" type="stmt"/>
      </file>
      <file name="strings.js" path="/Users/dev/Desktop/jestproject/strings.js">
        <metrics statements="1" coveredstatements="1" conditionals="0" coveredconditionals="0" methods="0" coveredmethods="0"/>
        <line num="1" count="1" type="stmt"/>
      </file>
      <file name="true.js" path="/Users/dev/Desktop/jestproject/true.js">
        <metrics statements="5" coveredstatements="5" conditionals="0" coveredconditionals="0" methods="4" coveredmethods="4"/>
        <line num="1" count="1" type="stmt"/>
        <line num="2" count="1" type="stmt"/>
        <line num="4" count="2" type="stmt"/>
        <line num="5" count="1" type="stmt"/>
        <line num="6" count="1" type="stmt"/>
      </file>
    </metrics>
  </project>
</coverage>
