{"/Users/dev/Desktop/jestproject/arrays.js": {"path":"/Users/dev/Desktop/jestproject/arrays.js","statementMap":{"0":{"start":{"line":1,"column":15},"end":{"line":1,"column":74}},"1":{"start":{"line":2,"column":15},"end":{"line":2,"column":60}},"2":{"start":{"line":4,"column":27},"end":{"line":4,"column":39}},"3":{"start":{"line":4,"column":33},"end":{"line":4,"column":39}},"4":{"start":{"line":5,"column":27},"end":{"line":5,"column":39}},"5":{"start":{"line":5,"column":33},"end":{"line":5,"column":39}}},"fnMap":{"0":{"name":"(anonymous_0)","decl":{"start":{"line":4,"column":27},"end":{"line":4,"column":28}},"loc":{"start":{"line":4,"column":33},"end":{"line":4,"column":39}},"line":4},"1":{"name":"(anonymous_1)","decl":{"start":{"line":5,"column":27},"end":{"line":5,"column":28}},"loc":{"start":{"line":5,"column":33},"end":{"line":5,"column":39}},"line":5}},"branchMap":{},"s":{"0":1,"1":1,"2":1,"3":3,"4":1,"5":1},"f":{"0":3,"1":1},"b":{},"_coverageSchema":"332fd63041d2c1bcb487cc26dd0d5f7d97098a6c","hash":"c18ee8783a0037d4b0fbd9fa7b4f38701a12758c"}
,"/Users/dev/Desktop/jestproject/callbacks.js": {"path":"/Users/dev/Desktop/jestproject/callbacks.js","statementMap":{"0":{"start":{"line":2,"column":2},"end":{"line":2,"column":31}}},"fnMap":{"0":{"name":"callbackHell","decl":{"start":{"line":1,"column":16},"end":{"line":1,"column":28}},"loc":{"start":{"line":1,"column":39},"end":{"line":3,"column":1}},"line":1}},"branchMap":{},"s":{"0":1},"f":{"0":1},"b":{},"_coverageSchema":"332fd63041d2c1bcb487cc26dd0d5f7d97098a6c","hash":"7a82efc017abf27b9cc78380b18ac3828461a7d7"}
,"/Users/dev/Desktop/jestproject/math.js": {"path":"/Users/dev/Desktop/jestproject/math.js","statementMap":{"0":{"start":{"line":1,"column":21},"end":{"line":3,"column":1}},"1":{"start":{"line":2,"column":2},"end":{"line":2,"column":14}},"2":{"start":{"line":5,"column":27},"end":{"line":7,"column":1}},"3":{"start":{"line":6,"column":2},"end":{"line":6,"column":14}},"4":{"start":{"line":9,"column":22},"end":{"line":11,"column":1}},"5":{"start":{"line":10,"column":2},"end":{"line":10,"column":14}},"6":{"start":{"line":13,"column":23},"end":{"line":15,"column":1}},"7":{"start":{"line":14,"column":2},"end":{"line":14,"column":14}}},"fnMap":{"0":{"name":"(anonymous_0)","decl":{"start":{"line":1,"column":21},"end":{"line":1,"column":22}},"loc":{"start":{"line":1,"column":31},"end":{"line":3,"column":1}},"line":1},"1":{"name":"(anonymous_1)","decl":{"start":{"line":5,"column":27},"end":{"line":5,"column":28}},"loc":{"start":{"line":5,"column":37},"end":{"line":7,"column":1}},"line":5},"2":{"name":"(anonymous_2)","decl":{"start":{"line":9,"column":22},"end":{"line":9,"column":23}},"loc":{"start":{"line":9,"column":32},"end":{"line":11,"column":1}},"line":9},"3":{"name":"(anonymous_3)","decl":{"start":{"line":13,"column":23},"end":{"line":13,"column":24}},"loc":{"start":{"line":13,"column":33},"end":{"line":15,"column":1}},"line":13}},"branchMap":{},"s":{"0":1,"1":1,"2":1,"3":1,"4":1,"5":1,"6":1,"7":1},"f":{"0":1,"1":1,"2":1,"3":1},"b":{},"_coverageSchema":"332fd63041d2c1bcb487cc26dd0d5f7d97098a6c","hash":"f7f0c567ef35dda2774bfc52dce7550f520fd729"}
,"/Users/dev/Desktop/jestproject/numbers.js": {"path":"/Users/dev/Desktop/jestproject/numbers.js","statementMap":{"0":{"start":{"line":1,"column":23},"end":{"line":3,"column":1}},"1":{"start":{"line":2,"column":2},"end":{"line":2,"column":14}}},"fnMap":{"0":{"name":"(anonymous_0)","decl":{"start":{"line":1,"column":23},"end":{"line":1,"column":24}},"loc":{"start":{"line":1,"column":33},"end":{"line":3,"column":1}},"line":1}},"branchMap":{},"s":{"0":1,"1":5},"f":{"0":5},"b":{},"_coverageSchema":"332fd63041d2c1bcb487cc26dd0d5f7d97098a6c","hash":"9b31eb165c05fe4b103e900532bb802d67796120"}
,"/Users/dev/Desktop/jestproject/promises.js": {"path":"/Users/dev/Desktop/jestproject/promises.js","statementMap":{"0":{"start":{"line":3,"column":30},"end":{"line":7,"column":1}},"1":{"start":{"line":4,"column":2},"end":{"line":6,"column":4}},"2":{"start":{"line":5,"column":4},"end":{"line":5,"column":15}}},"fnMap":{"0":{"name":"(anonymous_0)","decl":{"start":{"line":3,"column":30},"end":{"line":3,"column":31}},"loc":{"start":{"line":3,"column":37},"end":{"line":7,"column":1}},"line":3},"1":{"name":"(anonymous_1)","decl":{"start":{"line":4,"column":29},"end":{"line":4,"column":30}},"loc":{"start":{"line":4,"column":43},"end":{"line":6,"column":3}},"line":4}},"branchMap":{},"s":{"0":2,"1":4,"2":3},"f":{"0":4,"1":3},"b":{},"_coverageSchema":"332fd63041d2c1bcb487cc26dd0d5f7d97098a6c","hash":"b86ddac3362ec350ee5f7a315d42419c9cb7620b"}
,"/Users/dev/Desktop/jestproject/snapshot.js": {"path":"/Users/dev/Desktop/jestproject/snapshot.js","statementMap":{"0":{"start":{"line":1,"column":28},"end":{"line":7,"column":2}},"1":{"start":{"line":1,"column":37},"end":{"line":7,"column":1}}},"fnMap":{"0":{"name":"(anonymous_0)","decl":{"start":{"line":1,"column":28},"end":{"line":1,"column":29}},"loc":{"start":{"line":1,"column":37},"end":{"line":7,"column":1}},"line":1}},"branchMap":{},"s":{"0":1,"1":1},"f":{"0":1},"b":{},"_coverageSchema":"332fd63041d2c1bcb487cc26dd0d5f7d97098a6c","hash":"b8f92ff9a0fd198ee020eaf0627a9c03104fd294"}
,"/Users/dev/Desktop/jestproject/strings.js": {"path":"/Users/dev/Desktop/jestproject/strings.js","statementMap":{"0":{"start":{"line":1,"column":13},"end":{"line":1,"column":29}}},"fnMap":{},"branchMap":{},"s":{"0":1},"f":{},"b":{},"_coverageSchema":"332fd63041d2c1bcb487cc26dd0d5f7d97098a6c","hash":"2906ec3ecbbf8ab614808668a84d80780ad95abd"}
,"/Users/dev/Desktop/jestproject/true.js": {"path":"/Users/dev/Desktop/jestproject/true.js","statementMap":{"0":{"start":{"line":1,"column":22},"end":{"line":3,"column":1}},"1":{"start":{"line":2,"column":2},"end":{"line":2,"column":13}},"2":{"start":{"line":4,"column":22},"end":{"line":4,"column":32}},"3":{"start":{"line":4,"column":28},"end":{"line":4,"column":32}},"4":{"start":{"line":5,"column":23},"end":{"line":5,"column":34}},"5":{"start":{"line":5,"column":29},"end":{"line":5,"column":34}},"6":{"start":{"line":6,"column":27},"end":{"line":6,"column":42}},"7":{"start":{"line":6,"column":33},"end":{"line":6,"column":42}}},"fnMap":{"0":{"name":"(anonymous_0)","decl":{"start":{"line":1,"column":22},"end":{"line":1,"column":23}},"loc":{"start":{"line":1,"column":28},"end":{"line":3,"column":1}},"line":1},"1":{"name":"(anonymous_1)","decl":{"start":{"line":4,"column":22},"end":{"line":4,"column":23}},"loc":{"start":{"line":4,"column":28},"end":{"line":4,"column":32}},"line":4},"2":{"name":"(anonymous_2)","decl":{"start":{"line":5,"column":23},"end":{"line":5,"column":24}},"loc":{"start":{"line":5,"column":29},"end":{"line":5,"column":34}},"line":5},"3":{"name":"(anonymous_3)","decl":{"start":{"line":6,"column":27},"end":{"line":6,"column":28}},"loc":{"start":{"line":6,"column":33},"end":{"line":6,"column":42}},"line":6}},"branchMap":{},"s":{"0":1,"1":1,"2":1,"3":2,"4":1,"5":1,"6":1,"7":1},"f":{"0":1,"1":2,"2":1,"3":1},"b":{},"_coverageSchema":"332fd63041d2c1bcb487cc26dd0d5f7d97098a6c","hash":"6a3c25128e535164aa606b499aa087e0a102c247"}
}
